<?xml version="1.0" encoding="UTF-8"?>
<testng-results ignored="0" total="1" passed="1" failed="0" skipped="0">
  <reporter-output>
  </reporter-output>
  <suite started-at="2022-06-24T16:55:58 GMT+05:30" name="Default suite" finished-at="2022-06-24T16:56:19 GMT+05:30" duration-ms="20738">
    <groups>
    </groups>
    <test started-at="2022-06-24T16:55:58 GMT+05:30" name="Default test" finished-at="2022-06-24T16:56:19 GMT+05:30" duration-ms="20738">
      <class name="com.taxi_Application_Automation.testScripts.RegistrationTest">
        <test-method is-config="true" signature="setup()[pri:0, instance:com.taxi_Application_Automation.testScripts.RegistrationTest@16eb3ea3]" started-at="2022-06-24T16:55:51 GMT+05:30" name="setup" finished-at="2022-06-24T16:55:58 GMT+05:30" duration-ms="7260" status="PASS">
          <reporter-output>
          </reporter-output>
        </test-method> <!-- setup -->
        <test-method signature="verifyUserRegistration()[pri:0, instance:com.taxi_Application_Automation.testScripts.RegistrationTest@16eb3ea3]" started-at="2022-06-24T16:55:58 GMT+05:30" name="verifyUserRegistration" finished-at="2022-06-24T16:56:19 GMT+05:30" duration-ms="20699" status="PASS">
          <reporter-output>
          </reporter-output>
        </test-method> <!-- verifyUserRegistration -->
        <test-method is-config="true" signature="terminate()[pri:0, instance:com.taxi_Application_Automation.testScripts.RegistrationTest@16eb3ea3]" started-at="2022-06-24T16:56:19 GMT+05:30" name="terminate" finished-at="2022-06-24T16:56:20 GMT+05:30" duration-ms="655" status="PASS">
          <reporter-output>
          </reporter-output>
        </test-method> <!-- terminate -->
      </class> <!-- com.taxi_Application_Automation.testScripts.RegistrationTest -->
    </test> <!-- Default test -->
  </suite> <!-- Default suite -->
</testng-results>
